<?xml version="1.0" encoding="UTF-8"?>
<!-- Generated by org.testng.reporters.JUnitReportReporter -->
<testsuite hostname="LAPTOP-NQPDM386" failures="0" tests="1" name="testCases.TC01_EndToEnd" time="3.228" errors="0" timestamp="2025-01-12T02:00:30 IST" skipped="0">
  <testcase classname="testCases.TC01_EndToEnd" name="endToEnd" time="3.228"/>
</testsuite> <!-- testCases.TC01_EndToEnd -->
